[debug] [2020-07-07T12:43:37.464Z] ----------------------------------------------------------------------
[debug] [2020-07-07T12:43:37.465Z] Command:       /usr/local/bin/node /usr/local/bin/firebase deploy
[debug] [2020-07-07T12:43:37.466Z] CLI Version:   8.4.3
[debug] [2020-07-07T12:43:37.466Z] Platform:      linux
[debug] [2020-07-07T12:43:37.466Z] Node Version:  v13.10.1
[debug] [2020-07-07T12:43:37.467Z] Time:          Tue Jul 07 2020 18:43:37 GMT+0600 (East Kazakhstan Time)
[debug] [2020-07-07T12:43:37.467Z] ----------------------------------------------------------------------
[debug] [2020-07-07T12:43:37.468Z] 
[debug] [2020-07-07T12:43:37.473Z] > command requires scopes: ["email","openid","https://www.googleapis.com/auth/cloudplatformprojects.readonly","https://www.googleapis.com/auth/firebase","https://www.googleapis.com/auth/cloud-platform"]
[debug] [2020-07-07T12:43:37.473Z] > authorizing via signed-in user
[debug] [2020-07-07T12:43:37.473Z] [iam] checking project motiongenerator for permissions ["firebase.projects.get","firebasehosting.sites.update"]
[debug] [2020-07-07T12:43:37.475Z] >>> HTTP REQUEST POST https://cloudresourcemanager.googleapis.com/v1/projects/motiongenerator:testIamPermissions  
 {"permissions":["firebase.projects.get","firebasehosting.sites.update"]}
[debug] [2020-07-07T12:43:38.686Z] <<< HTTP RESPONSE 200 {"content-type":"application/json; charset=UTF-8","vary":"X-Origin, Referer, Origin,Accept-Encoding","date":"Tue, 07 Jul 2020 12:43:38 GMT","server":"ESF","cache-control":"private","x-xss-protection":"0","x-frame-options":"SAMEORIGIN","x-content-type-options":"nosniff","server-timing":"gfet4t7; dur=819","alt-svc":"h3-29=\":443\"; ma=2592000,h3-27=\":443\"; ma=2592000,h3-25=\":443\"; ma=2592000,h3-T050=\":443\"; ma=2592000,h3-Q050=\":443\"; ma=2592000,h3-Q046=\":443\"; ma=2592000,h3-Q043=\":443\"; ma=2592000,quic=\":443\"; ma=2592000; v=\"46,43\"","accept-ranges":"none","transfer-encoding":"chunked"}
[debug] [2020-07-07T12:43:38.692Z] >>> HTTP REQUEST GET https://firebase.googleapis.com/v1beta1/projects/motiongenerator  
 
[debug] [2020-07-07T12:43:39.191Z] <<< HTTP RESPONSE 200 {"content-type":"application/json; charset=UTF-8","vary":"X-Origin, Referer, Origin,Accept-Encoding","date":"Tue, 07 Jul 2020 12:43:39 GMT","server":"ESF","cache-control":"private","x-xss-protection":"0","x-frame-options":"SAMEORIGIN","x-content-type-options":"nosniff","alt-svc":"h3-29=\":443\"; ma=2592000,h3-27=\":443\"; ma=2592000,h3-25=\":443\"; ma=2592000,h3-T050=\":443\"; ma=2592000,h3-Q050=\":443\"; ma=2592000,h3-Q046=\":443\"; ma=2592000,h3-Q043=\":443\"; ma=2592000,quic=\":443\"; ma=2592000; v=\"46,43\"","accept-ranges":"none","transfer-encoding":"chunked"}
[info] 
[info] === Deploying to 'motiongenerator'...
[info] 
[info] i  deploying hosting 
[debug] [2020-07-07T12:43:39.196Z] >>> HTTP REQUEST POST https://firebasehosting.googleapis.com/v1beta1/sites/motiongenerator/versions  
 {"config":{"rewrites":[{"glob":"/api/**","run":{"region":"us-central1","serviceId":"motion-backend"}},{"glob":"**","path":"/index.html"}]},"labels":{"deployment-tool":"cli-firebase"}}
